

*******************************************************************************
Fri Mar  8 06:26:18 2013


FIT:    data read from "test.out" u 1:2
        format = x:z
        #datapoints = 1000
        residuals are weighted equally (unit weight)

function used for fitting: f(x)
fitted parameters initialized with current variable values



 Iteration 0
 WSSR        : 3445.51           delta(WSSR)/WSSR   : 0
 delta(WSSR) : 0                 limit for stopping : 1e-05
 lambda	  : 1.50785

initial set of free parameter values

m               = 1
b               = 1

After 3 iterations the fit converged.
final sum of squares of residuals : 46.1147
rel. change during last iteration : -5.33121e-06

degrees of freedom    (FIT_NDF)                        : 998
rms of residuals      (FIT_STDFIT) = sqrt(WSSR/ndf)    : 0.214959
variance of residuals (reduced chisquare) = WSSR/ndf   : 0.0462072

Final set of parameters            Asymptotic Standard Error
=======================            ==========================

m               = 1.44853          +/- 0.0604       (4.17%)
b               = -1.68631         +/- 0.1138       (6.746%)


correlation matrix of the fit parameters:

               m      b      
m               1.000 
b              -0.998  1.000 
